0 info it worked if it ends with ok
1 verbose cli [ '/usr/bin/nodejs', '/usr/bin/npm', 'run', 'gbp' ]
2 info using npm@3.5.2
3 info using node@v4.2.6
4 verbose run-script [ 'pregbp', 'gbp', 'postgbp' ]
5 info lifecycle gbp@1.0.0~pregbp: gbp@1.0.0
6 silly lifecycle gbp@1.0.0~pregbp: no script for pregbp, continuing
7 info lifecycle gbp@1.0.0~gbp: gbp@1.0.0
8 verbose lifecycle gbp@1.0.0~gbp: unsafe-perm in lifecycle true
9 verbose lifecycle gbp@1.0.0~gbp: PATH: /usr/share/npm/bin/node-gyp-bin:/home/joe/projects/mpSLAM/gbp-distill/node_modules/.bin:/usr/local/sbin:/usr/local/bin:/usr/sbin:/usr/bin:/sbin:/bin:/snap/bin
10 verbose lifecycle gbp@1.0.0~gbp: CWD: /home/joe/projects/mpSLAM/gbp-distill
11 silly lifecycle gbp@1.0.0~gbp: Args: [ '-c', './gbp.js' ]
12 silly lifecycle gbp@1.0.0~gbp: Returned: code: 126  signal: null
13 info lifecycle gbp@1.0.0~gbp: Failed to exec gbp script
14 verbose stack Error: gbp@1.0.0 gbp: `./gbp.js`
14 verbose stack Exit status 126
14 verbose stack     at EventEmitter.<anonymous> (/usr/share/npm/lib/utils/lifecycle.js:232:16)
14 verbose stack     at emitTwo (events.js:87:13)
14 verbose stack     at EventEmitter.emit (events.js:172:7)
14 verbose stack     at ChildProcess.<anonymous> (/usr/share/npm/lib/utils/spawn.js:24:14)
14 verbose stack     at emitTwo (events.js:87:13)
14 verbose stack     at ChildProcess.emit (events.js:172:7)
14 verbose stack     at maybeClose (internal/child_process.js:821:16)
14 verbose stack     at Process.ChildProcess._handle.onexit (internal/child_process.js:211:5)
15 verbose pkgid gbp@1.0.0
16 verbose cwd /home/joe/projects/mpSLAM/gbp-distill
17 error Linux 4.15.0-88-generic
18 error argv "/usr/bin/nodejs" "/usr/bin/npm" "run" "gbp"
19 error node v4.2.6
20 error npm  v3.5.2
21 error code ELIFECYCLE
22 error gbp@1.0.0 gbp: `./gbp.js`
22 error Exit status 126
23 error Failed at the gbp@1.0.0 gbp script './gbp.js'.
23 error Make sure you have the latest version of node.js and npm installed.
23 error If you do, this is most likely a problem with the gbp package,
23 error not with npm itself.
23 error Tell the author that this fails on your system:
23 error     ./gbp.js
23 error You can get information on how to open an issue for this project with:
23 error     npm bugs gbp
23 error Or if that isn't available, you can get their info via:
23 error     npm owner ls gbp
23 error There is likely additional logging output above.
24 verbose exit [ 1, true ]
